# JRE version: OpenJDK Runtime Environment Corretto-17.0.13.11.1 (17.0.13+11) (build 17.0.13+11-LTS)
# Java VM: OpenJDK 64-Bit Server VM Corretto-17.0.13.11.1 (17.0.13+11-LTS, mixed mode, sharing, tiered, compressed oops, compressed class ptrs, g1 gc, linux-amd64)
Heap:
 garbage-first heap   total 159744K, used 114156K [0x0000000615c00000, 0x0000000800000000)
  region size 4096K, 14 young (57344K), 1 survivors (4096K)
 Metaspace       used 34080K, committed 34496K, reserved 1114112K
  class space    used 4004K, committed 4224K, reserved 1048576K
GC Heap History (20 events):
Event: 45,327 GC heap before
{Heap before GC invocations=5 (full 0):
 garbage-first heap   total 102400K, used 63769K [0x0000000615c00000, 0x0000000800000000)
  region size 4096K, 6 young (24576K), 1 survivors (4096K)
 Metaspace       used 30688K, committed 30976K, reserved 1114112K
  class space    used 3828K, committed 3968K, reserved 1048576K
}
Event: 45,329 GC heap after
{Heap after GC invocations=6 (full 0):
 garbage-first heap   total 102400K, used 55414K [0x0000000615c00000, 0x0000000800000000)
  region size 4096K, 1 young (4096K), 1 survivors (4096K)
 Metaspace       used 30688K, committed 30976K, reserved 1114112K
  class space    used 3828K, committed 3968K, reserved 1048576K
}
Event: 51,218 GC heap before
{Heap before GC invocations=7 (full 0):
 garbage-first heap   total 110592K, used 67702K [0x0000000615c00000, 0x0000000800000000)
  region size 4096K, 4 young (16384K), 1 survivors (4096K)
 Metaspace       used 31889K, committed 32192K, reserved 1114112K
  class space    used 3961K, committed 4096K, reserved 1048576K
}
Event: 51,220 GC heap after
{Heap after GC invocations=8 (full 0):
 garbage-first heap   total 110592K, used 62401K [0x0000000615c00000, 0x0000000800000000)
  region size 4096K, 1 young (4096K), 1 survivors (4096K)
 Metaspace       used 31889K, committed 32192K, reserved 1114112K
  class space    used 3961K, committed 4096K, reserved 1048576K
}
Event: 54,180 GC heap before
{Heap before GC invocations=8 (full 0):
 garbage-first heap   total 110592K, used 74689K [0x0000000615c00000, 0x0000000800000000)
  region size 4096K, 4 young (16384K), 1 survivors (4096K)
 Metaspace       used 32323K, committed 32704K, reserved 1114112K
  class space    used 3992K, committed 4160K, reserved 1048576K
}
Event: 54,181 GC heap after
{Heap after GC invocations=9 (full 0):
 garbage-first heap   total 110592K, used 63596K [0x0000000615c00000, 0x0000000800000000)
  region size 4096K, 1 young (4096K), 1 survivors (4096K)
 Metaspace       used 32323K, committed 32704K, reserved 1114112K
  class space    used 3992K, committed 4160K, reserved 1048576K
}
Event: 58,027 GC heap before
{Heap before GC invocations=10 (full 0):
 garbage-first heap   total 131072K, used 71788K [0x0000000615c00000, 0x0000000800000000)
  region size 4096K, 3 young (12288K), 1 survivors (4096K)
 Metaspace       used 32542K, committed 32896K, reserved 1114112K
  class space    used 3999K, committed 4160K, reserved 1048576K
}
Event: 58,028 GC heap after
{Heap after GC invocations=11 (full 0):
 garbage-first heap   total 131072K, used 63689K [0x0000000615c00000, 0x0000000800000000)
  region size 4096K, 1 young (4096K), 1 survivors (4096K)
 Metaspace       used 32542K, committed 32896K, reserved 1114112K
  class space    used 3999K, committed 4160K, reserved 1048576K
}
Event: 66,265 GC heap before
{Heap before GC invocations=11 (full 0):
 garbage-first heap   total 131072K, used 88265K [0x0000000615c00000, 0x0000000800000000)
  region size 4096K, 7 young (28672K), 1 survivors (4096K)
 Metaspace       used 32876K, committed 33216K, reserved 1114112K
  class space    used 4002K, committed 4160K, reserved 1048576K
}
Event: 66,266 GC heap after
{Heap after GC invocations=12 (full 0):
 garbage-first heap   total 131072K, used 63864K [0x0000000615c00000, 0x0000000800000000)
  region size 4096K, 1 young (4096K), 1 survivors (4096K)
 Metaspace       used 32876K, committed 33216K, reserved 1114112K
  class space    used 4002K, committed 4160K, reserved 1048576K
}
Event: 83,472 GC heap before
{Heap before GC invocations=13 (full 0):
 garbage-first heap   total 131072K, used 88440K [0x0000000615c00000, 0x0000000800000000)
  region size 4096K, 7 young (28672K), 1 survivors (4096K)
 Metaspace       used 33244K, committed 33600K, reserved 1114112K
  class space    used 4003K, committed 4160K, reserved 1048576K
}
Event: 83,474 GC heap after
{Heap after GC invocations=14 (full 0):
 garbage-first heap   total 159744K, used 63972K [0x0000000615c00000, 0x0000000800000000)
  region size 4096K, 1 young (4096K), 1 survivors (4096K)
 Metaspace       used 33244K, committed 33600K, reserved 1114112K
  class space    used 4003K, committed 4160K, reserved 1048576K
}
Event: 106,682 GC heap before
{Heap before GC invocations=14 (full 0):
 garbage-first heap   total 159744K, used 117220K [0x0000000615c00000, 0x0000000800000000)
  region size 4096K, 14 young (57344K), 1 survivors (4096K)
 Metaspace       used 33519K, committed 33920K, reserved 1114112K
  class space    used 4004K, committed 4224K, reserved 1048576K
}
Event: 106,684 GC heap after
{Heap after GC invocations=15 (full 0):
 garbage-first heap   total 159744K, used 64235K [0x0000000615c00000, 0x0000000800000000)
  region size 4096K, 1 young (4096K), 1 survivors (4096K)
 Metaspace       used 33519K, committed 33920K, reserved 1114112K
  class space    used 4004K, committed 4224K, reserved 1048576K
}
Event: 133,015 GC heap before
{Heap before GC invocations=15 (full 0):
 garbage-first heap   total 159744K, used 117483K [0x0000000615c00000, 0x0000000800000000)
  region size 4096K, 14 young (57344K), 1 survivors (4096K)
 Metaspace       used 33820K, committed 34240K, reserved 1114112K
  class space    used 4004K, committed 4224K, reserved 1048576K
}
Event: 133,016 GC heap after
{Heap after GC invocations=16 (full 0):
 garbage-first heap   total 159744K, used 64511K [0x0000000615c00000, 0x0000000800000000)
  region size 4096K, 1 young (4096K), 1 survivors (4096K)
 Metaspace       used 33820K, committed 34240K, reserved 1114112K
  class space    used 4004K, committed 4224K, reserved 1048576K
}
Event: 174,450 GC heap before
{Heap before GC invocations=16 (full 0):
 garbage-first heap   total 159744K, used 121855K [0x0000000615c00000, 0x0000000800000000)
  region size 4096K, 16 young (65536K), 1 survivors (4096K)
 Metaspace       used 33974K, committed 34368K, reserved 1114112K
  class space    used 4004K, committed 4224K, reserved 1048576K
}
Event: 174,451 GC heap after
{Heap after GC invocations=17 (full 0):
 garbage-first heap   total 159744K, used 64652K [0x0000000615c00000, 0x0000000800000000)
  region size 4096K, 1 young (4096K), 1 survivors (4096K)
 Metaspace       used 33974K, committed 34368K, reserved 1114112K
  class space    used 4004K, committed 4224K, reserved 1048576K
}
Event: 214,139 GC heap before
{Heap before GC invocations=17 (full 0):
 garbage-first heap   total 159744K, used 121996K [0x0000000615c00000, 0x0000000800000000)
  region size 4096K, 15 young (61440K), 1 survivors (4096K)
 Metaspace       used 34011K, committed 34432K, reserved 1114112K
  class space    used 4004K, committed 4224K, reserved 1048576K
}
Event: 214,141 GC heap after
{Heap after GC invocations=18 (full 0):
 garbage-first heap   total 159744K, used 64787K [0x0000000615c00000, 0x0000000800000000)
  region size 4096K, 1 young (4096K), 1 survivors (4096K)
 Metaspace       used 34011K, committed 34432K, reserved 1114112K
  class space    used 4004K, committed 4224K, reserved 1048576K
}

