# JRE version: OpenJDK Runtime Environment Corretto-17.0.13.11.1 (17.0.13+11) (build 17.0.13+11-LTS)
# Java VM: OpenJDK 64-Bit Server VM Corretto-17.0.13.11.1 (17.0.13+11-LTS, mixed mode, sharing, tiered, compressed oops, compressed class ptrs, g1 gc, linux-amd64)
Heap:
 garbage-first heap   total 479232K, used 301267K [0x0000000615c00000, 0x0000000800000000)
  region size 4096K, 10 young (40960K), 1 survivors (4096K)
 Metaspace       used 38094K, committed 38464K, reserved 1114112K
  class space    used 4508K, committed 4672K, reserved 1048576K
GC Heap History (20 events):
Event: 2465,500 GC heap before
{Heap before GC invocations=35 (full 0):
 garbage-first heap   total 389120K, used 277364K [0x0000000615c00000, 0x0000000800000000)
  region size 4096K, 2 young (8192K), 1 survivors (4096K)
 Metaspace       used 37082K, committed 37504K, reserved 1114112K
  class space    used 4480K, committed 4672K, reserved 1048576K
}
Event: 2465,502 GC heap after
{Heap after GC invocations=36 (full 0):
 garbage-first heap   total 389120K, used 278972K [0x0000000615c00000, 0x0000000800000000)
  region size 4096K, 1 young (4096K), 1 survivors (4096K)
 Metaspace       used 37082K, committed 37504K, reserved 1114112K
  class space    used 4480K, committed 4672K, reserved 1048576K
}
Event: 2490,598 GC heap before
{Heap before GC invocations=37 (full 0):
 garbage-first heap   total 479232K, used 299452K [0x0000000615c00000, 0x0000000800000000)
  region size 4096K, 7 young (28672K), 1 survivors (4096K)
 Metaspace       used 37165K, committed 37568K, reserved 1114112K
  class space    used 4480K, committed 4672K, reserved 1048576K
}
Event: 2490,600 GC heap after
{Heap after GC invocations=38 (full 0):
 garbage-first heap   total 479232K, used 278328K [0x0000000615c00000, 0x0000000800000000)
  region size 4096K, 1 young (4096K), 1 survivors (4096K)
 Metaspace       used 37165K, committed 37568K, reserved 1114112K
  class space    used 4480K, committed 4672K, reserved 1048576K
}
Event: 2497,156 GC heap before
{Heap before GC invocations=38 (full 0):
 garbage-first heap   total 479232K, used 294712K [0x0000000615c00000, 0x0000000800000000)
  region size 4096K, 5 young (20480K), 1 survivors (4096K)
 Metaspace       used 37269K, committed 37632K, reserved 1114112K
  class space    used 4481K, committed 4672K, reserved 1048576K
}
Event: 2497,157 GC heap after
{Heap after GC invocations=39 (full 0):
 garbage-first heap   total 479232K, used 276293K [0x0000000615c00000, 0x0000000800000000)
  region size 4096K, 1 young (4096K), 1 survivors (4096K)
 Metaspace       used 37269K, committed 37632K, reserved 1114112K
  class space    used 4481K, committed 4672K, reserved 1048576K
}
Event: 2505,975 GC heap before
{Heap before GC invocations=39 (full 0):
 garbage-first heap   total 479232K, used 337733K [0x0000000615c00000, 0x0000000800000000)
  region size 4096K, 17 young (69632K), 1 survivors (4096K)
 Metaspace       used 37363K, committed 37760K, reserved 1114112K
  class space    used 4483K, committed 4672K, reserved 1048576K
}
Event: 2505,976 GC heap after
{Heap after GC invocations=40 (full 0):
 garbage-first heap   total 479232K, used 276518K [0x0000000615c00000, 0x0000000800000000)
  region size 4096K, 1 young (4096K), 1 survivors (4096K)
 Metaspace       used 37363K, committed 37760K, reserved 1114112K
  class space    used 4483K, committed 4672K, reserved 1048576K
}
Event: 2523,445 GC heap before
{Heap before GC invocations=41 (full 0):
 garbage-first heap   total 479232K, used 342054K [0x0000000615c00000, 0x0000000800000000)
  region size 4096K, 18 young (73728K), 1 survivors (4096K)
 Metaspace       used 37452K, committed 37824K, reserved 1114112K
  class space    used 4484K, committed 4672K, reserved 1048576K
}
Event: 2523,446 GC heap after
{Heap after GC invocations=42 (full 0):
 garbage-first heap   total 479232K, used 272685K [0x0000000615c00000, 0x0000000800000000)
  region size 4096K, 1 young (4096K), 1 survivors (4096K)
 Metaspace       used 37452K, committed 37824K, reserved 1114112K
  class space    used 4484K, committed 4672K, reserved 1048576K
}
Event: 2538,721 GC heap before
{Heap before GC invocations=42 (full 0):
 garbage-first heap   total 479232K, used 289069K [0x0000000615c00000, 0x0000000800000000)
  region size 4096K, 5 young (20480K), 1 survivors (4096K)
 Metaspace       used 37538K, committed 37952K, reserved 1114112K
  class space    used 4484K, committed 4672K, reserved 1048576K
}
Event: 2538,723 GC heap after
{Heap after GC invocations=43 (full 0):
 garbage-first heap   total 479232K, used 268379K [0x0000000615c00000, 0x0000000800000000)
  region size 4096K, 1 young (4096K), 1 survivors (4096K)
 Metaspace       used 37538K, committed 37952K, reserved 1114112K
  class space    used 4484K, committed 4672K, reserved 1048576K
}
Event: 2558,870 GC heap before
{Heap before GC invocations=43 (full 0):
 garbage-first heap   total 479232K, used 350299K [0x0000000615c00000, 0x0000000800000000)
  region size 4096K, 21 young (86016K), 1 survivors (4096K)
 Metaspace       used 37658K, committed 38016K, reserved 1114112K
  class space    used 4485K, committed 4672K, reserved 1048576K
}
Event: 2558,871 GC heap after
{Heap after GC invocations=44 (full 0):
 garbage-first heap   total 479232K, used 268910K [0x0000000615c00000, 0x0000000800000000)
  region size 4096K, 1 young (4096K), 1 survivors (4096K)
 Metaspace       used 37658K, committed 38016K, reserved 1114112K
  class space    used 4485K, committed 4672K, reserved 1048576K
}
Event: 2590,709 GC heap before
{Heap before GC invocations=45 (full 0):
 garbage-first heap   total 479232K, used 354926K [0x0000000615c00000, 0x0000000800000000)
  region size 4096K, 23 young (94208K), 1 survivors (4096K)
 Metaspace       used 37910K, committed 38272K, reserved 1114112K
  class space    used 4508K, committed 4672K, reserved 1048576K
}
Event: 2590,710 GC heap after
{Heap after GC invocations=46 (full 0):
 garbage-first heap   total 479232K, used 269320K [0x0000000615c00000, 0x0000000800000000)
  region size 4096K, 1 young (4096K), 1 survivors (4096K)
 Metaspace       used 37910K, committed 38272K, reserved 1114112K
  class space    used 4508K, committed 4672K, reserved 1048576K
}
Event: 2607,603 GC heap before
{Heap before GC invocations=46 (full 0):
 garbage-first heap   total 479232K, used 285704K [0x0000000615c00000, 0x0000000800000000)
  region size 4096K, 5 young (20480K), 1 survivors (4096K)
 Metaspace       used 38018K, committed 38400K, reserved 1114112K
  class space    used 4508K, committed 4672K, reserved 1048576K
}
Event: 2607,605 GC heap after
{Heap after GC invocations=47 (full 0):
 garbage-first heap   total 479232K, used 267125K [0x0000000615c00000, 0x0000000800000000)
  region size 4096K, 1 young (4096K), 1 survivors (4096K)
 Metaspace       used 38018K, committed 38400K, reserved 1114112K
  class space    used 4508K, committed 4672K, reserved 1048576K
}
Event: 2644,934 GC heap before
{Heap before GC invocations=47 (full 0):
 garbage-first heap   total 479232K, used 365429K [0x0000000615c00000, 0x0000000800000000)
  region size 4096K, 26 young (106496K), 1 survivors (4096K)
 Metaspace       used 38068K, committed 38400K, reserved 1114112K
  class space    used 4508K, committed 4672K, reserved 1048576K
}
Event: 2644,936 GC heap after
{Heap after GC invocations=48 (full 0):
 garbage-first heap   total 479232K, used 267958K [0x0000000615c00000, 0x0000000800000000)
  region size 4096K, 1 young (4096K), 1 survivors (4096K)
 Metaspace       used 38068K, committed 38400K, reserved 1114112K
  class space    used 4508K, committed 4672K, reserved 1048576K
}

